c:\users\student\desktop\ruins good!\ruins_good-\debug\vc142.pdb
c:\users\student\desktop\ruins good!\ruins_good-\debug\vc142.idb
c:\users\student\desktop\ruins good!\ruins_good-\debug\score.obj
c:\users\student\desktop\ruins good!\ruins_good-\debug\renderer.obj
c:\users\student\desktop\ruins good!\ruins_good-\debug\player.obj
c:\users\student\desktop\ruins good!\ruins_good-\debug\particle.obj
c:\users\student\desktop\ruins good!\ruins_good-\debug\objectx.obj
c:\users\student\desktop\ruins good!\ruins_good-\debug\objectbillboard.obj
c:\users\student\desktop\ruins good!\ruins_good-\debug\object3d.obj
c:\users\student\desktop\ruins good!\ruins_good-\debug\object2d.obj
c:\users\student\desktop\ruins good!\ruins_good-\debug\object.obj
c:\users\student\desktop\ruins good!\ruins_good-\debug\number.obj
c:\users\student\desktop\ruins good!\ruins_good-\debug\motion.obj
c:\users\student\desktop\ruins good!\ruins_good-\debug\model.obj
c:\users\student\desktop\ruins good!\ruins_good-\debug\meshfield.obj
c:\users\student\desktop\ruins good!\ruins_good-\debug\manager.obj
c:\users\student\desktop\ruins good!\ruins_good-\debug\main.obj
c:\users\student\desktop\ruins good!\ruins_good-\debug\light.obj
c:\users\student\desktop\ruins good!\ruins_good-\debug\input.obj
c:\users\student\desktop\ruins good!\ruins_good-\debug\effect.obj
c:\users\student\desktop\ruins good!\ruins_good-\debug\debugproc.obj
c:\users\student\desktop\ruins good!\ruins_good-\debug\camera.obj
c:\users\student\desktop\ruins good!\ruins_good-\debug\time.obj
c:\users\student\desktop\ruins good!\ruins_good-\debug\texture.obj
c:\users\student\desktop\ruins good!\ruins_good-\debug\sound.obj
c:\users\student\desktop\ruins good!\ruins_good-\debug\shadow.obj
c:\users\student\desktop\ruins good!\ruins_good-\debug\pause.obj
c:\users\student\desktop\ruins good!\ruins_good-\ruins good!.exe
c:\users\student\desktop\ruins good!\ruins_good-\debug\ruins good!.ilk
c:\users\student\desktop\ruins good!\ruins_good-\ruins good!.pdb
c:\users\student\desktop\ruins good!\ruins_good-\debug\ruins good!.tlog\cl.command.1.tlog
c:\users\student\desktop\ruins good!\ruins_good-\debug\ruins good!.tlog\cl.read.1.tlog
c:\users\student\desktop\ruins good!\ruins_good-\debug\ruins good!.tlog\cl.write.1.tlog
c:\users\student\desktop\ruins good!\ruins_good-\debug\ruins good!.tlog\link.command.1.tlog
c:\users\student\desktop\ruins good!\ruins_good-\debug\ruins good!.tlog\link.read.1.tlog
c:\users\student\desktop\ruins good!\ruins_good-\debug\ruins good!.tlog\link.write.1.tlog
