c:\users\student\desktop\ruins good!\ruins_good-\release\vc142.pdb
c:\users\student\desktop\ruins good!\ruins_good-\release\score.obj
c:\users\student\desktop\ruins good!\ruins_good-\release\renderer.obj
c:\users\student\desktop\ruins good!\ruins_good-\release\player.obj
c:\users\student\desktop\ruins good!\ruins_good-\release\particle.obj
c:\users\student\desktop\ruins good!\ruins_good-\release\objectx.obj
c:\users\student\desktop\ruins good!\ruins_good-\release\objectbillboard.obj
c:\users\student\desktop\ruins good!\ruins_good-\release\object3d.obj
c:\users\student\desktop\ruins good!\ruins_good-\release\object2d.obj
c:\users\student\desktop\ruins good!\ruins_good-\release\object.obj
c:\users\student\desktop\ruins good!\ruins_good-\release\number.obj
c:\users\student\desktop\ruins good!\ruins_good-\release\motion.obj
c:\users\student\desktop\ruins good!\ruins_good-\release\model.obj
c:\users\student\desktop\ruins good!\ruins_good-\release\meshfield.obj
c:\users\student\desktop\ruins good!\ruins_good-\release\manager.obj
c:\users\student\desktop\ruins good!\ruins_good-\release\main.obj
c:\users\student\desktop\ruins good!\ruins_good-\release\light.obj
c:\users\student\desktop\ruins good!\ruins_good-\release\input.obj
c:\users\student\desktop\ruins good!\ruins_good-\release\effect.obj
c:\users\student\desktop\ruins good!\ruins_good-\release\debugproc.obj
c:\users\student\desktop\ruins good!\ruins_good-\release\camera.obj
c:\users\student\desktop\ruins good!\ruins_good-\release\time.obj
c:\users\student\desktop\ruins good!\ruins_good-\release\texture.obj
c:\users\student\desktop\ruins good!\ruins_good-\release\sound.obj
c:\users\student\desktop\ruins good!\ruins_good-\release\shadow.obj
c:\users\student\desktop\ruins good!\ruins_good-\ruins good!.exe
c:\users\student\desktop\ruins good!\ruins_good-\release\ruins good!.ipdb
c:\users\student\desktop\ruins good!\ruins_good-\release\ruins good!.iobj
c:\users\student\desktop\ruins good!\ruins_good-\ruins good!.pdb
c:\users\student\desktop\ruins good!\ruins_good-\release\ruins good!.tlog\cl.command.1.tlog
c:\users\student\desktop\ruins good!\ruins_good-\release\ruins good!.tlog\cl.read.1.tlog
c:\users\student\desktop\ruins good!\ruins_good-\release\ruins good!.tlog\cl.write.1.tlog
c:\users\student\desktop\ruins good!\ruins_good-\release\ruins good!.tlog\link.command.1.tlog
c:\users\student\desktop\ruins good!\ruins_good-\release\ruins good!.tlog\link.read.1.tlog
c:\users\student\desktop\ruins good!\ruins_good-\release\ruins good!.tlog\link.write.1.tlog
